This is pdfTeX, Version 3.14159265-2.6-1.40.16 (MiKTeX 2.9) (preloaded format=pdflatex 2016.2.1)  4 APR 2016 16:49
entering extended mode
**C:/Users/bdkel/OneDrive/Documents/topoCAT/Assignments/topoCat_bib.tex
(C:/Users/bdkel/OneDrive/Documents/topoCAT/Assignments/topoCat_bib.tex
LaTeX2e <2015/10/01> patch level 2
Babel <3.9n> and hyphenation patterns for 69 languages loaded.
("C:\Program Files (x86)\MiKTeX 2.9\tex\latex\base\report.cls"
Document Class: report 2014/09/29 v1.4h Standard LaTeX document class
("C:\Program Files (x86)\MiKTeX 2.9\tex\latex\base\size12.clo"
File: size12.clo 2014/09/29 v1.4h Standard LaTeX file (size option)
)
\c@part=\count79
\c@chapter=\count80
\c@section=\count81
\c@subsection=\count82
\c@subsubsection=\count83
\c@paragraph=\count84
\c@subparagraph=\count85
\c@figure=\count86
\c@table=\count87
\abovecaptionskip=\skip41
\belowcaptionskip=\skip42
\bibindent=\dimen102
)
("C:\Program Files (x86)\MiKTeX 2.9\tex\latex\amsfonts\amsfonts.sty"
Package: amsfonts 2013/01/14 v3.01 Basic AMSFonts support
\@emptytoks=\toks14
\symAMSa=\mathgroup4
\symAMSb=\mathgroup5
LaTeX Font Info:    Overwriting math alphabet `\mathfrak' in version `bold'
(Font)                  U/euf/m/n --> U/euf/b/n on input line 106.
)
("C:\Program Files (x86)\MiKTeX 2.9\tex\latex\graphics\graphicx.sty"
Package: graphicx 2014/10/28 v1.0g Enhanced LaTeX Graphics (DPC,SPQR)

("C:\Program Files (x86)\MiKTeX 2.9\tex\latex\graphics\keyval.sty"
Package: keyval 2014/10/28 v1.15 key=value parser (DPC)
\KV@toks@=\toks15
)
("C:\Program Files (x86)\MiKTeX 2.9\tex\latex\graphics\graphics.sty"
Package: graphics 2014/10/28 v1.0p Standard LaTeX Graphics (DPC,SPQR)

("C:\Program Files (x86)\MiKTeX 2.9\tex\latex\graphics\trig.sty"
Package: trig 1999/03/16 v1.09 sin cos tan (DPC)
)
("C:\Program Files (x86)\MiKTeX 2.9\tex\latex\00miktex\graphics.cfg"
File: graphics.cfg 2007/01/18 v1.5 graphics configuration of teTeX/TeXLive
)
Package graphics Info: Driver file: pdftex.def on input line 94.

("C:\Program Files (x86)\MiKTeX 2.9\tex\latex\pdftex-def\pdftex.def"
File: pdftex.def 2011/05/27 v0.06d Graphics/color for pdfTeX

("C:\Program Files (x86)\MiKTeX 2.9\tex\generic\oberdiek\infwarerr.sty"
Package: infwarerr 2010/04/08 v1.3 Providing info/warning/error messages (HO)
)
("C:\Program Files (x86)\MiKTeX 2.9\tex\generic\oberdiek\ltxcmds.sty"
Package: ltxcmds 2011/11/09 v1.22 LaTeX kernel commands for general use (HO)
)
\Gread@gobject=\count88
))
\Gin@req@height=\dimen103
\Gin@req@width=\dimen104
)
("C:\Users\bdkel\AppData\Local\Programs\MiKTeX 2.9\tex\latex\caption\caption.st
y"
Package: caption 2016/02/21 v3.3-144 Customizing captions (AR)

("C:\Users\bdkel\AppData\Local\Programs\MiKTeX 2.9\tex\latex\caption\caption3.s
ty"
Package: caption3 2016/02/04 v1.7-139 caption3 kernel (AR)
Package caption3 Info: TeX engine: e-TeX on input line 67.
\captionmargin=\dimen105
\captionmargin@=\dimen106
\captionwidth=\dimen107
\caption@tempdima=\dimen108
\caption@indent=\dimen109
\caption@parindent=\dimen110
\caption@hangindent=\dimen111
)
\c@ContinuedFloat=\count89
)
("C:\Users\bdkel\AppData\Local\Programs\MiKTeX 2.9\tex\latex\caption\subcaption
.sty"
Package: subcaption 2016/02/20 v1.1-142 Sub-captions (AR)
\c@subfigure=\count90
\c@subtable=\count91
)
("C:\Users\bdkel\AppData\Local\Programs\MiKTeX 2.9\tex\latex\appendix\appendix.
sty"
Package: appendix 2009/09/02 v1.2b extra appendix facilities
\c@@pps=\count92
\c@@ppsavesec=\count93
\c@@ppsaveapp=\count94
)

! LaTeX Error: File `mcode.sty' not found.

Type X to quit or <RETURN> to proceed,
or enter new name. (Default extension: sty)

Enter file name: 

("C:\Users\bdkel\AppData\Local\Programs\MiKTeX 2.9\tex\latex\listings\listings.
sty"
\lst@mode=\count95
\lst@gtempboxa=\box26
\lst@token=\toks16
\lst@length=\count96
\lst@currlwidth=\dimen112
\lst@column=\count97
\lst@pos=\count98
\lst@lostspace=\dimen113
\lst@width=\dimen114
\lst@newlines=\count99
\lst@lineno=\count100
\lst@maxwidth=\dimen115

("C:\Users\bdkel\AppData\Local\Programs\MiKTeX 2.9\tex\latex\listings\lstmisc.s
ty"
File: lstmisc.sty 2015/06/04 1.6 (Carsten Heinz)
\c@lstnumber=\count101
\lst@skipnumbers=\count102
\lst@framebox=\box27
)
("C:\Users\bdkel\AppData\Local\Programs\MiKTeX 2.9\tex\latex\listings\listings.
cfg"
File: listings.cfg 2015/06/04 1.6 listings configuration
))
Package: listings 2015/06/04 1.6 (Carsten Heinz)
 ("C:\Program Files (x86)\MiKTeX 2.9\tex\latex\float\float.sty"
Package: float 2001/11/08 v1.3d Float enhancements (AL)
\c@float@type=\count103
\float@exts=\toks17
\float@box=\box28
\@float@everytoks=\toks18
\@floatcapt=\box29
)
(topoCat_bib.aux)
\openout1 = `topoCat_bib.aux'.

LaTeX Font Info:    Checking defaults for OML/cmm/m/it on input line 32.
LaTeX Font Info:    ... okay on input line 32.
LaTeX Font Info:    Checking defaults for T1/cmr/m/n on input line 32.
LaTeX Font Info:    ... okay on input line 32.
LaTeX Font Info:    Checking defaults for OT1/cmr/m/n on input line 32.
LaTeX Font Info:    ... okay on input line 32.
LaTeX Font Info:    Checking defaults for OMS/cmsy/m/n on input line 32.
LaTeX Font Info:    ... okay on input line 32.
LaTeX Font Info:    Checking defaults for OMX/cmex/m/n on input line 32.
LaTeX Font Info:    ... okay on input line 32.
LaTeX Font Info:    Checking defaults for U/cmr/m/n on input line 32.
LaTeX Font Info:    ... okay on input line 32.

("C:\Users\bdkel\AppData\Local\Programs\MiKTeX 2.9\tex\context\base\supp-pdf.mk
ii"
[Loading MPS to PDF converter (version 2006.09.02).]
\scratchcounter=\count104
\scratchdimen=\dimen116
\scratchbox=\box30
\nofMPsegments=\count105
\nofMParguments=\count106
\everyMPshowfont=\toks19
\MPscratchCnt=\count107
\MPscratchDim=\dimen117
\MPnumerator=\count108
\makeMPintoPDFobject=\count109
\everyMPtoPDFconversion=\toks20
)
Package caption Info: Begin \AtBeginDocument code.
Package caption Info: float package is loaded.
Package caption Info: listings package is loaded.
Package caption Info: End \AtBeginDocument code.
\c@lstlisting=\count110
 [1

{C:/Users/bdkel/AppData/Local/MiKTeX/2.9/pdftex/config/pdftex.map}]
(topoCat_bib.toc
LaTeX Font Info:    Try loading font information for U+msa on input line 3.
 ("C:\Program Files (x86)\MiKTeX 2.9\tex\latex\amsfonts\umsa.fd"
File: umsa.fd 2013/01/14 v3.01 AMS symbols A
)
LaTeX Font Info:    Try loading font information for U+msb on input line 3.
 ("C:\Program Files (x86)\MiKTeX 2.9\tex\latex\amsfonts\umsb.fd"
File: umsb.fd 2013/01/14 v3.01 AMS symbols B
))
\tf@toc=\write3
\openout3 = `topoCat_bib.toc'.

 [1

]
[2

]
Chapter 1.
[3

]
LaTeX Font Info:    Try loading font information for OMS+cmr on input line 72.
 ("C:\Program Files (x86)\MiKTeX 2.9\tex\latex\base\omscmr.fd"
File: omscmr.fd 2014/09/29 v2.5h Standard LaTeX font definitions
)
LaTeX Font Info:    Font shape `OMS/cmr/m/n' in size <12> not available
(Font)              Font shape `OMS/cmsy/m/n' tried instead on input line 72.
 [4]
Chapter 2.

Underfull \hbox (badness 10000) in paragraph at lines 88--89

 []


Underfull \hbox (badness 10000) in paragraph at lines 90--91

 []


Underfull \hbox (badness 10000) in paragraph at lines 92--93

 []

<306example.jpg, id=25, 1027.84pt x 1027.84pt>
File: 306example.jpg Graphic file (type jpg)
 <use 306example.jpg>
Package pdftex.def Info: 306example.jpg used on input line 98.
(pdftex.def)             Requested size: 182.12117pt x 182.11743pt.

<321example.jpg, id=26, 1027.84pt x 1027.84pt>
File: 321example.jpg Graphic file (type jpg)
 <use 321example.jpg>
Package pdftex.def Info: 321example.jpg used on input line 104.
(pdftex.def)             Requested size: 182.12117pt x 182.11743pt.
 [5

]
Underfull \hbox (badness 10000) in paragraph at lines 116--117

 []

<tSIm.jpg, id=30, 1124.2pt x 843.15pt>
File: tSIm.jpg Graphic file (type jpg)
 <use tSIm.jpg>
Package pdftex.def Info: tSIm.jpg used on input line 122.
(pdftex.def)             Requested size: 364.24236pt x 273.17139pt.
 [6 <./306example.jpg> <./321example.jpg>] <0dimpersTs.jpg, id=36, 1124.2pt x 8
43.15pt>
File: 0dimpersTs.jpg Graphic file (type jpg)

<use 0dimpersTs.jpg>
Package pdftex.def Info: 0dimpersTs.jpg used on input line 129.
(pdftex.def)             Requested size: 364.24236pt x 273.17139pt.
 [7 <./tSIm.jpg>]
<1dimpersTS.jpg, id=40, 1124.2pt x 843.15pt>
File: 1dimpersTS.jpg Graphic file (type jpg)
 <use 1dimpersTS.jpg>
Package pdftex.def Info: 1dimpersTS.jpg used on input line 136.
(pdftex.def)             Requested size: 364.24236pt x 273.17139pt.

Underfull \hbox (badness 10000) in paragraph at lines 144--145

 []

[8 <./0dimpersTs.jpg> <./1dimpersTS.jpg>]
<tS1.jpg, id=45, 1124.2pt x 843.15pt>
File: tS1.jpg Graphic file (type jpg)
 <use tS1.jpg>
Package pdftex.def Info: tS1.jpg used on input line 150.
(pdftex.def)             Requested size: 364.24236pt x 273.17139pt.

<tS3.jpg, id=46, 1124.2pt x 843.15pt>
File: tS3.jpg Graphic file (type jpg)
 <use tS3.jpg>
Package pdftex.def Info: tS3.jpg used on input line 158.
(pdftex.def)             Requested size: 364.24236pt x 273.17139pt.
 [9 <./tS1.jpg>]
<tS2.jpg, id=50, 1124.2pt x 843.15pt>
File: tS2.jpg Graphic file (type jpg)
 <use tS2.jpg>
Package pdftex.def Info: tS2.jpg used on input line 167.
(pdftex.def)             Requested size: 364.24236pt x 273.17139pt.
 [10 <./tS3.jpg>]
<tSdgm0.jpg, id=54, 1124.2pt x 843.15pt>
File: tSdgm0.jpg Graphic file (type jpg)
 <use tSdgm0.jpg>
Package pdftex.def Info: tSdgm0.jpg used on input line 173.
(pdftex.def)             Requested size: 364.24236pt x 273.17139pt.

<tSdgm1.jpg, id=55, 1124.2pt x 843.15pt>
File: tSdgm1.jpg Graphic file (type jpg)
 <use tSdgm1.jpg>
Package pdftex.def Info: tSdgm1.jpg used on input line 179.
(pdftex.def)             Requested size: 364.24236pt x 273.17139pt.
 [11 <./tS2.jpg> <./tSdgm0.jpg>]
Underfull \hbox (badness 10000) in paragraph at lines 183--184

 []

[12 <./tSdgm1.jpg>] [13] [14


]
Appendix A.
(../TDA/testScript.m
Overfull \hbox (242.64758pt too wide) in paragraph at lines 4--5
[][][][][][][][][][][][][][][][][][][][][][][] 
 []


Overfull \hbox (299.04749pt too wide) in paragraph at lines 7--8
[][][][][][][][][][][][][][][][][][][][][][][] 
 []

[15

]
LaTeX Font Info:    Try loading font information for OML+cmr on input line 40.
 ("C:\Program Files (x86)\MiKTeX 2.9\tex\latex\base\omlcmr.fd"
File: omlcmr.fd 2014/09/29 v2.5h Standard LaTeX font definitions
)
LaTeX Font Info:    Font shape `OML/cmr/m/n' in size <12> not available
(Font)              Font shape `OML/cmm/m/it' tried instead on input line 40.
 [16])
(../TDA/generateS.m [17]
Overfull \hbox (17.04797pt too wide) in paragraph at lines 18--19
[][][][][][][][][][][][][][][][][][][][][][][][][] 
 []


Overfull \hbox (66.39789pt too wide) in paragraph at lines 32--33
[][][][][][][][][][][][][][][][][][][][][][][][][][][][][] 
 []


Overfull \hbox (299.04749pt too wide) in paragraph at lines 37--38
[][][][][][][][][][][][][][][][][][][][][][][][][][][][][][][][][][][][][][][][
][][][] 
 []


Overfull \hbox (73.44788pt too wide) in paragraph at lines 40--41
[][][][][][][][][][][][][][][][][][][][][][][][][] 
 []

[18]) (../TDA/testScript2.m
Overfull \hbox (235.5976pt too wide) in paragraph at lines 4--5
[][][][][][][][][][][][][][][][][][][][][][][] 
 []


Overfull \hbox (299.04749pt too wide) in paragraph at lines 7--8
[][][][][][][][][][][][][][][][][][][][][][][] 
 []

[19]
Overfull \hbox (122.79779pt too wide) in paragraph at lines 49--50
[][][][][][][][][][][][][][][][][][][][][] 
 []


Overfull \hbox (108.69781pt too wide) in paragraph at lines 54--56
[][][][][][][][][][][][][][][][][][][][][] 
 []

[20]
Overfull \hbox (66.39789pt too wide) in paragraph at lines 88--90
[][][][][][][][][][][][][][][][][][][][][][][][][][][][] 
 []

[21] [22]) (../TDA/testScript3.m
Overfull \hbox (235.5976pt too wide) in paragraph at lines 8--13
[][][][][][][][][][][][][][][][][][][][][][][] 
 []

[23]
Overfull \hbox (136.89777pt too wide) in paragraph at lines 49--52
[][][][][][][][][][][][][][][][][][][][][][][] 
 []


Overfull \hbox (94.59784pt too wide) in paragraph at lines 61--63
[][][][][][][][][][][][][][][][][][][][][][][][][][][][][] 
 []

[24]) (../TDA/testScript4.m
Overfull \hbox (200.34766pt too wide) in paragraph at lines 8--13
[][][][][][][][][][][][][][][][][][][][][][][] 
 []

[25]
Overfull \hbox (136.89777pt too wide) in paragraph at lines 49--51
[][][][][][][][][][][][][][][][][][][][][][][] 
 []


Overfull \hbox (94.59784pt too wide) in paragraph at lines 61--63
[][][][][][][][][][][][][][][][][][][][][][][][][][][][][] 
 []

[26]) [27]
Underfull \hbox (badness 1014) in paragraph at lines 229--230
[]\OT1/cmr/m/n/12 Smith K, Clark K, Ben-nett W, Nolan T, Kirby J, Wolfs-berger 
M, Moul-ton
 []

[28

] (topoCat_bib.aux) ) 
Here is how much of TeX's memory you used:
 3823 strings out of 493634
 58385 string characters out of 3141315
 132479 words of memory out of 3000000
 7167 multiletter control sequences out of 15000+200000
 14260 words of font info for 54 fonts, out of 3000000 for 9000
 1025 hyphenation exceptions out of 8191
 36i,7n,39p,1006b,1420s stack positions out of 5000i,500n,10000p,200000b,50000s
<C:/Program Files (x86)/MiKTeX 2.9/fonts/type1/public/amsf
onts/cm/cmbx12.pfb><C:/Program Files (x86)/MiKTeX 2.9/fonts/type1/public/amsfon
ts/cm/cmcsc10.pfb><C:/Program Files (x86)/MiKTeX 2.9/fonts/type1/public/amsfont
s/cm/cmmi12.pfb><C:/Program Files (x86)/MiKTeX 2.9/fonts/type1/public/amsfonts/
cm/cmr10.pfb><C:/Program Files (x86)/MiKTeX 2.9/fonts/type1/public/amsfonts/cm/
cmr12.pfb><C:/Program Files (x86)/MiKTeX 2.9/fonts/type1/public/amsfonts/cm/cmr
17.pfb><C:/Program Files (x86)/MiKTeX 2.9/fonts/type1/public/amsfonts/cm/cmr8.p
fb><C:/Program Files (x86)/MiKTeX 2.9/fonts/type1/public/amsfonts/cm/cmsy10.pfb
><C:/Program Files (x86)/MiKTeX 2.9/fonts/type1/public/amsfonts/cm/cmti12.pfb><
C:/Program Files (x86)/MiKTeX 2.9/fonts/type1/public/amsfonts/symbols/msbm10.pf
b>
Output written on topoCat_bib.pdf (29 pages, 1344753 bytes).
PDF statistics:
 145 PDF objects out of 1000 (max. 8388607)
 0 named destinations out of 1000 (max. 500000)
 51 words of extra memory for PDF output out of 10000 (max. 10000000)

